<?xml version="1.0" encoding="UTF-8"?>
<testng-results skipped="0" failed="1" ignored="0" total="3" passed="2">
  <reporter-output>
  </reporter-output>
  <suite name="Default suite" duration-ms="4076" started-at="2019-11-17T22:06:18 IST" finished-at="2019-11-17T22:06:22 IST">
    <groups>
    </groups>
    <test name="Default test" duration-ms="4076" started-at="2019-11-17T22:06:18 IST" finished-at="2019-11-17T22:06:22 IST">
      <class name="RestfulBookingAPIAutomation.RestfulBookingAPIAutomation.AppTest">
        <test-method status="PASS" signature="createBooking()[pri:1, instance:RestfulBookingAPIAutomation.RestfulBookingAPIAutomation.AppTest@731a74c]" name="createBooking" duration-ms="2219" started-at="2019-11-17T22:06:18 IST" finished-at="2019-11-17T22:06:20 IST">
          <reporter-output>
          </reporter-output>
        </test-method> <!-- createBooking -->
        <test-method status="PASS" signature="getBooking()[pri:2, instance:RestfulBookingAPIAutomation.RestfulBookingAPIAutomation.AppTest@731a74c]" name="getBooking" duration-ms="585" started-at="2019-11-17T22:06:20 IST" finished-at="2019-11-17T22:06:21 IST">
          <reporter-output>
          </reporter-output>
        </test-method> <!-- getBooking -->
        <test-method status="FAIL" signature="getBookings()[pri:3, instance:RestfulBookingAPIAutomation.RestfulBookingAPIAutomation.AppTest@731a74c]" name="getBookings" duration-ms="1239" started-at="2019-11-17T22:06:21 IST" finished-at="2019-11-17T22:06:22 IST">
          <exception class="junit.framework.ComparisonFailure">
            <message>
              <![CDATA[expected:<[string]> but was:<[James]>]]>
            </message>
            <full-stacktrace>
              <![CDATA[junit.framework.ComparisonFailure: expected:<[string]> but was:<[James]>
at junit.framework.Assert.assertEquals(Assert.java:85)
at junit.framework.Assert.assertEquals(Assert.java:91)
at RestfulBookingAPIAutomation.RestfulBookingAPIAutomation.AppTest.getBookings(AppTest.java:131)
at sun.reflect.NativeMethodAccessorImpl.invoke0(Native Method)
at sun.reflect.NativeMethodAccessorImpl.invoke(Unknown Source)
at sun.reflect.DelegatingMethodAccessorImpl.invoke(Unknown Source)
at java.lang.reflect.Method.invoke(Unknown Source)
at org.testng.internal.MethodInvocationHelper.invokeMethod(MethodInvocationHelper.java:133)
at org.testng.internal.TestInvoker.invokeMethod(TestInvoker.java:584)
at org.testng.internal.TestInvoker.invokeTestMethod(TestInvoker.java:172)
at org.testng.internal.MethodRunner.runInSequence(MethodRunner.java:46)
at org.testng.internal.TestInvoker$MethodInvocationAgent.invoke(TestInvoker.java:804)
at org.testng.internal.TestInvoker.invokeTestMethods(TestInvoker.java:145)
at org.testng.internal.TestMethodWorker.invokeTestMethods(TestMethodWorker.java:146)
at org.testng.internal.TestMethodWorker.run(TestMethodWorker.java:128)
at java.util.ArrayList.forEach(Unknown Source)
at org.testng.TestRunner.privateRun(TestRunner.java:770)
at org.testng.TestRunner.run(TestRunner.java:591)
at org.testng.SuiteRunner.runTest(SuiteRunner.java:402)
at org.testng.SuiteRunner.runSequentially(SuiteRunner.java:396)
at org.testng.SuiteRunner.privateRun(SuiteRunner.java:355)
at org.testng.SuiteRunner.run(SuiteRunner.java:304)
at org.testng.SuiteRunnerWorker.runSuite(SuiteRunnerWorker.java:53)
at org.testng.SuiteRunnerWorker.run(SuiteRunnerWorker.java:96)
at org.testng.TestNG.runSuitesSequentially(TestNG.java:1180)
at org.testng.TestNG.runSuitesLocally(TestNG.java:1102)
at org.testng.TestNG.runSuites(TestNG.java:1032)
at org.testng.TestNG.run(TestNG.java:1000)
at org.testng.remote.AbstractRemoteTestNG.run(AbstractRemoteTestNG.java:115)
at org.testng.remote.RemoteTestNG.initAndRun(RemoteTestNG.java:251)
at org.testng.remote.RemoteTestNG.main(RemoteTestNG.java:77)
]]>
            </full-stacktrace>
          </exception> <!-- junit.framework.ComparisonFailure -->
          <reporter-output>
          </reporter-output>
        </test-method> <!-- getBookings -->
      </class> <!-- RestfulBookingAPIAutomation.RestfulBookingAPIAutomation.AppTest -->
    </test> <!-- Default test -->
  </suite> <!-- Default suite -->
</testng-results>
